{
"C:\\Users\\cruss\\workspace\\chronicle\\clippy\\library\\clippy.js":{"path":"C:\\Users\\cruss\\workspace\\chronicle\\clippy\\library\\clippy.js","s":{"1":1,"2":1,"3":1,"4":1,"5":1,"6":1,"7":1,"8":0,"9":1,"10":1,"11":0,"12":1},"b":{"1":[0,1]},"f":{"1":1,"2":1,"3":1,"4":1,"5":1,"6":0},"fnMap":{"1":{"name":"(anonymous_1)","line":4,"loc":{"start":{"line":4,"column":13},"end":{"line":4,"column":23}}},"2":{"name":"(anonymous_2)","line":6,"loc":{"start":{"line":6,"column":15},"end":{"line":6,"column":33}}},"3":{"name":"(anonymous_3)","line":7,"loc":{"start":{"line":7,"column":21},"end":{"line":7,"column":45}}},"4":{"name":"(anonymous_4)","line":8,"loc":{"start":{"line":8,"column":24},"end":{"line":8,"column":46}}},"5":{"name":"(anonymous_5)","line":10,"loc":{"start":{"line":10,"column":35},"end":{"line":10,"column":49}}},"6":{"name":"(anonymous_6)","line":12,"loc":{"start":{"line":12,"column":13},"end":{"line":12,"column":28}}}},"statementMap":{"1":{"start":{"line":1,"column":0},"end":{"line":1,"column":22}},"2":{"start":{"line":2,"column":0},"end":{"line":2,"column":39}},"3":{"start":{"line":4,"column":0},"end":{"line":19,"column":1}},"4":{"start":{"line":6,"column":1},"end":{"line":17,"column":2}},"5":{"start":{"line":7,"column":2},"end":{"line":16,"column":4}},"6":{"start":{"line":8,"column":3},"end":{"line":15,"column":5}},"7":{"start":{"line":9,"column":4},"end":{"line":9,"column":43}},"8":{"start":{"line":9,"column":15},"end":{"line":9,"column":43}},"9":{"start":{"line":10,"column":4},"end":{"line":14,"column":6}},"10":{"start":{"line":11,"column":5},"end":{"line":11,"column":18}},"11":{"start":{"line":13,"column":5},"end":{"line":13,"column":18}},"12":{"start":{"line":21,"column":0},"end":{"line":21,"column":23}}},"branchMap":{"1":{"line":9,"type":"if","locations":[{"start":{"line":9,"column":4},"end":{"line":9,"column":4}},{"start":{"line":9,"column":4},"end":{"line":9,"column":4}}]}},"l":{"1":1,"2":1,"4":1,"6":1,"7":1,"8":1,"9":1,"10":1,"11":1,"13":0,"21":1}}}
